PHP Warning:  Module 'v8js' already loaded in Unknown on line 0
PHP Warning:  Module 'v8js' already loaded in Unknown on line 0
PHP Warning:  Module 'v8js' already loaded in Unknown on line 0
PHP Warning:  Module 'v8js' already loaded in Unknown on line 0
PHP Warning:  Module 'v8js' already loaded in Unknown on line 0
PHP Warning:  Module 'v8js' already loaded in Unknown on line 0
PHP Warning:  Module 'v8js' already loaded in Unknown on line 0
PHP Warning:  Module 'v8js' already loaded in Unknown on line 0
PHP Warning:  Module 'v8js' already loaded in Unknown on line 0
PHP Warning:  Module 'v8js' already loaded in Unknown on line 0
PHP Warning:  Module 'v8js' already loaded in Unknown on line 0
PHP Warning:  Module 'v8js' already loaded in Unknown on line 0
PHP Warning:  Module 'v8js' already loaded in Unknown on line 0
PHP Warning:  Module 'v8js' already loaded in Unknown on line 0
PHP Warning:  Module 'v8js' already loaded in Unknown on line 0
PHP Warning:  Module 'v8js' already loaded in Unknown on line 0
PHP Warning:  Module 'v8js' already loaded in Unknown on line 0
PHP Warning:  Module 'v8js' already loaded in Unknown on line 0
PHP Warning:  Module 'v8js' already loaded in Unknown on line 0
PHP Warning:  Module 'v8js' already loaded in Unknown on line 0
PHP Warning:  Module 'v8js' already loaded in Unknown on line 0
PHP Warning:  Module 'v8js' already loaded in Unknown on line 0
PHP Warning:  Module 'v8js' already loaded in Unknown on line 0
PHP Warning:  Module 'v8js' already loaded in Unknown on line 0
PHP Warning:  Module 'v8js' already loaded in Unknown on line 0
PHP Warning:  Module 'v8js' already loaded in Unknown on line 0

                                                                  
  Too many arguments, expected arguments "command" "connection".  
                                                                  


                                                                  
  Too many arguments, expected arguments "command" "connection".  
                                                                  

PHP Warning:  Module 'v8js' already loaded in Unknown on line 0
PHP Warning:  Module 'v8js' already loaded in Unknown on line 0

                                                                  
  Too many arguments, expected arguments "command" "connection".  
                                                                  


                                                                  
  Too many arguments, expected arguments "command" "connection".  
                                                                  

PHP Warning:  Module 'v8js' already loaded in Unknown on line 0
PHP Warning:  Module 'v8js' already loaded in Unknown on line 0

                                                                  
  Too many arguments, expected arguments "command" "connection".  
                                                                  


                                                                  
  Too many arguments, expected arguments "command" "connection".  
                                                                  

PHP Warning:  Module 'v8js' already loaded in Unknown on line 0
PHP Warning:  Module 'v8js' already loaded in Unknown on line 0

                                                                  
  Too many arguments, expected arguments "command" "connection".  
                                                                  


                                                                  
  Too many arguments, expected arguments "command" "connection".  
                                                                  

PHP Warning:  Module 'v8js' already loaded in Unknown on line 0
PHP Warning:  Module 'v8js' already loaded in Unknown on line 0

                                                                  
  Too many arguments, expected arguments "command" "connection".  
                                                                  


                                                                  
  Too many arguments, expected arguments "command" "connection".  
                                                                  

PHP Warning:  Module 'v8js' already loaded in Unknown on line 0
PHP Warning:  Module 'v8js' already loaded in Unknown on line 0


                                                                  
  Too many arguments, expected arguments "command" "connection".  
                                                                  

                                                                  
  Too many arguments, expected arguments "command" "connection".  
                                                                  

PHP Warning:  Module 'v8js' already loaded in Unknown on line 0
PHP Warning:  Module 'v8js' already loaded in Unknown on line 0


                                                                  
  Too many arguments, expected arguments "command" "connection".  
                                                                  

                                                                  
  Too many arguments, expected arguments "command" "connection".  
                                                                  

PHP Warning:  Module 'v8js' already loaded in Unknown on line 0
PHP Warning:  Module 'v8js' already loaded in Unknown on line 0

                                                                  
  Too many arguments, expected arguments "command" "connection".  
                                                                  


                                                                  
  Too many arguments, expected arguments "command" "connection".  
                                                                  

PHP Warning:  Module 'v8js' already loaded in Unknown on line 0
PHP Warning:  Module 'v8js' already loaded in Unknown on line 0

                                                                  
  Too many arguments, expected arguments "command" "connection".  
                                                                  


                                                                  
  Too many arguments, expected arguments "command" "connection".  
                                                                  

PHP Warning:  Module 'v8js' already loaded in Unknown on line 0
PHP Warning:  Module 'v8js' already loaded in Unknown on line 0

                                                                  
  Too many arguments, expected arguments "command" "connection".  
                                                                  


                                                                  
  Too many arguments, expected arguments "command" "connection".  
                                                                  

PHP Warning:  Module 'v8js' already loaded in Unknown on line 0
PHP Warning:  Module 'v8js' already loaded in Unknown on line 0

                                                                  
  Too many arguments, expected arguments "command" "connection".  
                                                                  


                                                                  
  Too many arguments, expected arguments "command" "connection".  
                                                                  

PHP Warning:  Module 'v8js' already loaded in Unknown on line 0
PHP Warning:  Module 'v8js' already loaded in Unknown on line 0

                                                                  
  Too many arguments, expected arguments "command" "connection".  
                                                                  


                                                                  
  Too many arguments, expected arguments "command" "connection".  
                                                                  

PHP Warning:  Module 'v8js' already loaded in Unknown on line 0
PHP Warning:  Module 'v8js' already loaded in Unknown on line 0

                                                                  
  Too many arguments, expected arguments "command" "connection".  
                                                                  


                                                                  
  Too many arguments, expected arguments "command" "connection".  
                                                                  

PHP Warning:  Module 'v8js' already loaded in Unknown on line 0
PHP Warning:  Module 'v8js' already loaded in Unknown on line 0

                                                                  

  Too many arguments, expected arguments "command" "connection".  
                                                                  
  Too many arguments, expected arguments "command" "connection".  
                                                                  

                                                                  

PHP Warning:  Module 'v8js' already loaded in Unknown on line 0
PHP Warning:  Module 'v8js' already loaded in Unknown on line 0

                                                                  

  Too many arguments, expected arguments "command" "connection".  
                                                                  
  Too many arguments, expected arguments "command" "connection".  
                                                                  

                                                                  

PHP Warning:  Module 'v8js' already loaded in Unknown on line 0
PHP Warning:  Module 'v8js' already loaded in Unknown on line 0

                                                                  
  Too many arguments, expected arguments "command" "connection".  
                                                                  


                                                                  
  Too many arguments, expected arguments "command" "connection".  
                                                                  

PHP Warning:  Module 'v8js' already loaded in Unknown on line 0
PHP Warning:  Module 'v8js' already loaded in Unknown on line 0
[2021-02-25 11:31:22][213] Processing: App\Jobs\PaymentSuccessJob
[2021-02-25 11:31:22][214] Processing: App\Jobs\PaymentSuccessJob
[2021-02-25 11:31:23][213] Processed:  App\Jobs\PaymentSuccessJob
[2021-02-25 11:31:23][215] Processing: App\Jobs\SendLoginDetialJob
[2021-02-25 11:31:24][214] Processed:  App\Jobs\PaymentSuccessJob
[2021-02-25 11:31:24][216] Processing: App\Jobs\SendEmailJob
[2021-02-25 11:31:24][215] Processed:  App\Jobs\SendLoginDetialJob
[2021-02-25 11:31:24][217] Processing: App\Jobs\SendEmailJob
[2021-02-25 11:31:24][216] Processed:  App\Jobs\SendEmailJob
[2021-02-25 11:31:24][218] Processing: App\Jobs\SendEmailJob
[2021-02-25 11:31:25][217] Processed:  App\Jobs\SendEmailJob
[2021-02-25 11:31:25][218] Processed:  App\Jobs\SendEmailJob
[2021-02-25 11:32:10][219] Processing: App\Jobs\SendEmailJob
[2021-02-25 11:32:11][219] Processed:  App\Jobs\SendEmailJob
[2021-02-25 11:33:41][220] Processing: App\Jobs\SendEmailJob
[2021-02-25 11:33:42][220] Processed:  App\Jobs\SendEmailJob
[2021-02-25 11:35:15][221] Processing: App\Jobs\SendEmailJob
[2021-02-25 11:35:16][221] Processed:  App\Jobs\SendEmailJob
[2021-02-25 12:00:41][222] Processing: App\Jobs\ContactUsJob
[2021-02-25 12:00:41][223] Processing: App\Jobs\ContactUsUserJob
[2021-02-25 12:00:42][223] Processed:  App\Jobs\ContactUsUserJob
[2021-02-25 12:00:42][222] Processed:  App\Jobs\ContactUsJob
[2021-02-25 12:09:09][224] Processing: App\Jobs\ContactUsJob
[2021-02-25 12:09:09][225] Processing: App\Jobs\ContactUsUserJob
[2021-02-25 12:09:10][224] Processed:  App\Jobs\ContactUsJob
[2021-02-25 12:09:10][225] Processed:  App\Jobs\ContactUsUserJob
[2021-03-05 11:42:09][226] Processing: App\Jobs\SubscribeJob
[2021-03-05 11:42:11][226] Processed:  App\Jobs\SubscribeJob
[2021-03-09 04:31:33][261] Processing: App\Jobs\PaymentSuccessJob
[2021-03-09 04:31:34][261] Processed:  App\Jobs\PaymentSuccessJob
[2021-03-12 09:30:50][262] Processing: App\Jobs\SendLoginDetialJob
[2021-03-12 09:30:51][262] Processed:  App\Jobs\SendLoginDetialJob
[2021-03-12 09:30:51][263] Processing: App\Jobs\SendLoginDetialJob
[2021-03-12 09:30:52][263] Processed:  App\Jobs\SendLoginDetialJob
[2021-03-12 09:30:52][264] Processing: App\Jobs\SendLoginDetialJob
[2021-03-12 09:30:53][264] Processed:  App\Jobs\SendLoginDetialJob
[2021-03-24 10:16:53][261] Processing: App\Jobs\SubscribeJob
[2021-03-24 10:16:53][262] Processing: App\Jobs\FrontBookingAdminJob
[2021-03-24 10:16:54][261] Processed:  App\Jobs\SubscribeJob
[2021-03-24 10:16:54][263] Processing: App\Jobs\FrontBookingUserJob
[2021-03-24 10:16:55][262] Processed:  App\Jobs\FrontBookingAdminJob
[2021-03-24 10:16:55][263] Processed:  App\Jobs\FrontBookingUserJob
[2021-03-26 12:52:07][264] Processing: App\Jobs\SendItineraryRequestToGbiMailJob
[2021-03-26 12:52:07][265] Processing: App\Jobs\SendItineraryRequestToGbiMailJob
[2021-03-26 12:52:07][266] Processing: App\Jobs\SendItineraryRequestToGbiMailJob
[2021-03-26 12:52:07][266] Failed:     App\Jobs\SendItineraryRequestToGbiMailJob
[2021-03-28 06:30:31][267] Processing: App\Jobs\FrontBookingAdminJob
[2021-03-28 06:30:31][268] Processing: App\Jobs\FrontBookingUserJob
[2021-03-28 06:30:32][268] Processed:  App\Jobs\FrontBookingUserJob
[2021-03-28 06:30:32][269] Processing: App\Jobs\FrontBookingAdminJob
[2021-03-28 06:30:33][267] Processed:  App\Jobs\FrontBookingAdminJob
[2021-03-28 06:30:33][270] Processing: App\Jobs\FrontBookingUserJob
[2021-03-28 06:30:33][269] Processed:  App\Jobs\FrontBookingAdminJob
[2021-03-28 06:30:34][270] Processed:  App\Jobs\FrontBookingUserJob
[2021-03-28 06:38:16][271] Processing: App\Jobs\FrontBookingAdminJob
[2021-03-28 06:38:16][272] Processing: App\Jobs\FrontBookingUserJob
[2021-03-28 06:38:17][271] Processed:  App\Jobs\FrontBookingAdminJob
[2021-03-28 06:38:17][272] Processed:  App\Jobs\FrontBookingUserJob
